0 info it worked if it ends with ok
1 verbose cli [ '/usr/local/bin/node', '/usr/local/bin/npm', 'run', 'build:js' ]
2 info using npm@3.10.9
3 info using node@v6.9.2
4 verbose run-script [ 'prebuild:js', 'build:js', 'postbuild:js' ]
5 info lifecycle npm-build-system@1.0.0~prebuild:js: npm-build-system@1.0.0
6 silly lifecycle npm-build-system@1.0.0~prebuild:js: no script for prebuild:js, continuing
7 info lifecycle npm-build-system@1.0.0~build:js: npm-build-system@1.0.0
8 verbose lifecycle npm-build-system@1.0.0~build:js: unsafe-perm in lifecycle true
9 verbose lifecycle npm-build-system@1.0.0~build:js: PATH: /usr/local/lib/node_modules/npm/bin/node-gyp-bin:/Users/Camillo/Desktop/Unit1_intermediate_frontend/npm-build-system/node_modules/.bin:/usr/local/bin:/usr/bin:/bin:/usr/sbin:/sbin
10 verbose lifecycle npm-build-system@1.0.0~build:js: CWD: /Users/Camillo/Desktop/Unit1_intermediate_frontend/npm-build-system
11 silly lifecycle npm-build-system@1.0.0~build:js: Args: [ '-c', 'npm run clean:js && webpack' ]
12 silly lifecycle npm-build-system@1.0.0~build:js: Returned: code: 255  signal: null
13 info lifecycle npm-build-system@1.0.0~build:js: Failed to exec build:js script
14 verbose stack Error: npm-build-system@1.0.0 build:js: `npm run clean:js && webpack`
14 verbose stack Exit status 255
14 verbose stack     at EventEmitter.<anonymous> (/usr/local/lib/node_modules/npm/lib/utils/lifecycle.js:255:16)
14 verbose stack     at emitTwo (events.js:106:13)
14 verbose stack     at EventEmitter.emit (events.js:191:7)
14 verbose stack     at ChildProcess.<anonymous> (/usr/local/lib/node_modules/npm/lib/utils/spawn.js:40:14)
14 verbose stack     at emitTwo (events.js:106:13)
14 verbose stack     at ChildProcess.emit (events.js:191:7)
14 verbose stack     at maybeClose (internal/child_process.js:877:16)
14 verbose stack     at Process.ChildProcess._handle.onexit (internal/child_process.js:226:5)
15 verbose pkgid npm-build-system@1.0.0
16 verbose cwd /Users/Camillo/Desktop/Unit1_intermediate_frontend/npm-build-system
17 error Darwin 16.1.0
18 error argv "/usr/local/bin/node" "/usr/local/bin/npm" "run" "build:js"
19 error node v6.9.2
20 error npm  v3.10.9
21 error code ELIFECYCLE
22 error npm-build-system@1.0.0 build:js: `npm run clean:js && webpack`
22 error Exit status 255
23 error Failed at the npm-build-system@1.0.0 build:js script 'npm run clean:js && webpack'.
23 error Make sure you have the latest version of node.js and npm installed.
23 error If you do, this is most likely a problem with the npm-build-system package,
23 error not with npm itself.
23 error Tell the author that this fails on your system:
23 error     npm run clean:js && webpack
23 error You can get information on how to open an issue for this project with:
23 error     npm bugs npm-build-system
23 error Or if that isn't available, you can get their info via:
23 error     npm owner ls npm-build-system
23 error There is likely additional logging output above.
24 verbose exit [ 1, true ]
